Using exact match for CONF=linux-x86_64-server-release (other matches are possible)
Building target 'default (exploded-image)' in configuration 'linux-x86_64-server-release'
Compiling up to 1 files for BUILD_TOOLS_HOTSPOT
Compiling up to 8 files for BUILD_TOOLS_LANGTOOLS
Warning: No SCM configuration present and no .src-rev
Creating hotspot/variant-server/tools/adlc/adlc from 13 file(s)
Compiling up to 2 files for BUILD_JVMTI_TOOLS
Generating classes for compiler.properties launcher.properties
Compiling 17 properties into resource bundles for jdk.javadoc
Compiling 19 properties into resource bundles for jdk.compiler
Compiling 15 properties into resource bundles for jdk.jdeps
Compiling 10 properties into resource bundles for jdk.jshell
Compiling up to 136 files for BUILD_java.compiler.interim
Compiling up to 360 files for BUILD_jdk.compiler.interim
Compiling up to 145 files for BUILD_jdk.internal.md.interim
Compiling up to 213 files for BUILD_jdk.javadoc.interim
Compiling up to 17 files for BUILD_JAVAC_SERVER
Creating support/modules_libs/java.base/server/libjvm.so from 1214 file(s)
Compiling up to 188 files for BUILD_TOOLS_JDK
Compiling up to 2 files for COMPILE_DEPEND
Compiling 4 properties into resource bundles for jdk.httpserver
Compiling 11 properties into resource bundles for jdk.jartool
Compiling 11 properties into resource bundles for jdk.management.agent
Compiling 4 properties into resource bundles for jdk.jdi
Compiling 9 properties into resource bundles for jdk.jlink
Compiling 4 properties into resource bundles for jdk.jlink
Compiling 1 properties into resource bundles for jdk.jlink
Compiling up to 2 files for BUILD_BREAKITERATOR_BASE
Compiling up to 2 files for BUILD_BREAKITERATOR_LD
Compiling 11 properties into resource bundles for java.base
Compiling 3 properties into resource bundles for java.base
Compiling 11 properties into resource bundles for java.logging
Compiling up to 3373 files for java.base
Compiling 89 properties into resource bundles for java.desktop
Compiling up to 136 files for java.compiler
Compiling up to 18 files for java.datatransfer
Compiling up to 10 files for java.instrument
Compiling up to 35 files for java.logging
Compiling up to 329 files for java.management
Compiling up to 1849 files for java.xml
Compiling up to 146 files for java.net.http
Compiling up to 15 files for java.scripting
Compiling up to 5 files for java.transaction.xa
Compiling up to 22 files for java.smartcardio
Compiling up to 61 files for jdk.internal.jvmstat
Compiling up to 125 files for jdk.charsets
Compiling up to 52 files for jdk.internal.opt
Compiling up to 14 files for jdk.zipfs
Compiling up to 78 files for jdk.crypto.cryptoki
Compiling up to 1 files for jdk.crypto.ec
Compiling up to 67 files for jdk.dynalink
Compiling up to 3 files for jdk.internal.ed
Compiling up to 215 files for jdk.internal.vm.ci
Compiling up to 59 files for jdk.httpserver
Compiling up to 53 files for jdk.incubator.vector
Compiling up to 28 files for jdk.jartool
Compiling up to 118 files for jdk.internal.le
Compiling up to 27 files for jdk.management
Compiling up to 1 files for jdk.jdwp.agent
Compiling up to 301 files for jdk.jfr
Compiling up to 4 files for jdk.jsobject
Compiling up to 1545 files for jdk.localedata
Compiling up to 9 files for jdk.net
Compiling up to 3 files for jdk.nio.mapmode
Compiling up to 33 files for jdk.sctp
Compiling up to 9 files for jdk.unsupported
Compiling up to 94 files for jdk.xml.dom
Compiling up to 15 files for java.prefs
Compiling up to 30 files for java.security.sasl
Compiling up to 77 files for java.sql
Compiling up to 105 files for java.rmi
Compiling up to 272 files for java.xml.crypto
Compiling up to 15 files for jdk.attach
Compiling up to 368 files for jdk.compiler
Compiling up to 1 files for jdk.graal.compiler
Compiling up to 1 files for jdk.graal.compiler.management
Compiling up to 40 files for jdk.jcmd
Compiling up to 254 files for jdk.jdi
Compiling up to 144 files for jdk.jdeps
Compiling up to 11 files for jdk.jstatd
Compiling up to 15 files for jdk.management.jfr
Compiling up to 204 files for java.naming
Compiling up to 145 files for jdk.internal.md
Compiling up to 97 files for jdk.jlink
Compiling up to 2752 files for java.desktop
Compiling up to 16 files for jdk.naming.dns
Compiling up to 8 files for jdk.naming.rmi
Compiling up to 16 files for java.management.rmi
Compiling up to 211 files for java.security.jgss
Compiling up to 56 files for java.sql.rowset
Compiling up to 213 files for jdk.javadoc
Compiling up to 30 files for jdk.management.agent
Compiling up to 102 files for jdk.jshell
Compiling up to 30 files for jdk.security.auth
Compiling up to 16 files for jdk.security.jgss
Compiling up to 1 files for java.se
Compiling up to 18 files for jdk.accessibility
Compiling up to 3 files for jdk.editpad
Compiling up to 921 files for jdk.hotspot.agent
Compiling up to 64 files for jdk.jconsole
Compiling up to 69 files for jdk.jpackage
Compiling up to 8 files for jdk.unsupported.desktop
Creating support/modules_libs/java.base/libverify.so from 1 file(s)
Creating support/modules_libs/java.base/libjava.so from 65 file(s)
Creating support/modules_libs/java.base/libzip.so from 5 file(s)
Creating support/modules_libs/java.base/libjimage.so from 6 file(s)
Creating support/modules_libs/java.base/libjli.so from 9 file(s)
Creating support/modules_libs/java.base/libnet.so from 13 file(s)
Creating support/modules_libs/java.base/libnio.so from 23 file(s)
Creating support/modules_libs/java.base/libjsig.so from 1 file(s)
Creating support/modules_libs/java.base/libsyslookup.so from 1 file(s)
Creating support/modules_libs/java.base/libsimdsort.so from 2 file(s)
Creating support/modules_libs/java.prefs/libprefs.so from 1 file(s)
Creating support/modules_libs/java.instrument/libinstrument.so from 12 file(s)
Creating support/modules_cmds/java.base/java from 1 file(s)
Creating support/modules_cmds/java.base/keytool from 1 file(s)
Creating support/modules_libs/java.base/jexec from 1 file(s)
Creating support/modules_libs/java.base/jspawnhelper from 1 file(s)
Creating support/modules_libs/java.desktop/libawt.so from 72 file(s)
Creating support/modules_libs/java.desktop/libawt_headless.so from 26 file(s)
Creating support/modules_libs/java.desktop/libawt_xawt.so from 52 file(s)
Creating support/modules_libs/java.desktop/libjawt.so from 1 file(s)
Creating support/modules_libs/java.desktop/libmlib_image.so from 50 file(s)
Creating support/modules_libs/java.desktop/liblcms.so from 27 file(s)
Creating support/modules_libs/java.management/libmanagement.so from 9 file(s)
Creating support/modules_libs/java.desktop/libjavajpeg.so from 46 file(s)
Creating support/modules_libs/java.desktop/libsplashscreen.so from 67 file(s)
Creating support/modules_libs/java.desktop/libfontmanager.so from 63 file(s)
Creating support/modules_libs/java.desktop/libjsound.so from 18 file(s)
Creating support/modules_libs/java.rmi/librmi.so from 1 file(s)
Creating support/modules_cmds/java.rmi/rmiregistry from 1 file(s)
Creating support/modules_cmds/java.scripting/jrunscript from 1 file(s)
Creating support/modules_libs/java.security.jgss/libj2gss.so from 3 file(s)
Creating support/modules_libs/java.smartcardio/libj2pcsc.so from 2 file(s)
Creating support/modules_libs/jdk.attach/libattach.so from 1 file(s)
Creating support/modules_cmds/jdk.compiler/javac from 1 file(s)
Creating support/modules_cmds/jdk.compiler/serialver from 1 file(s)
Creating support/modules_libs/jdk.crypto.cryptoki/libj2pkcs11.so from 14 file(s)
Creating support/modules_libs/jdk.hotspot.agent/libsaproc.so from 10 file(s)
Creating support/modules_cmds/jdk.hotspot.agent/jhsdb from 1 file(s)
Creating support/modules_cmds/jdk.httpserver/jwebserver from 1 file(s)
Creating support/modules_libs/jdk.incubator.vector/libjsvml.so from 36 file(s)
Creating support/modules_cmds/jdk.jartool/jar from 1 file(s)
Creating support/modules_cmds/jdk.jartool/jarsigner from 1 file(s)
Compiling up to 68 files for COMPILE_CREATE_SYMBOLS
Creating support/modules_cmds/jdk.javadoc/javadoc from 1 file(s)
Creating support/modules_cmds/jdk.jcmd/jinfo from 1 file(s)
Creating support/modules_cmds/jdk.jcmd/jmap from 1 file(s)
Creating support/modules_cmds/jdk.jcmd/jps from 1 file(s)
Creating support/modules_cmds/jdk.jcmd/jstack from 1 file(s)
Creating support/modules_cmds/jdk.jcmd/jstat from 1 file(s)
Creating support/modules_cmds/jdk.jcmd/jcmd from 1 file(s)
Creating support/modules_libs/jdk.management/libmanagement_ext.so from 8 file(s)
Creating support/modules_libs/jdk.management.agent/libmanagement_agent.so from 1 file(s)
Creating support/modules_cmds/jdk.jconsole/jconsole from 1 file(s)
Creating support/modules_cmds/jdk.jdeps/javap from 1 file(s)
Creating support/modules_cmds/jdk.jdeps/jdeps from 1 file(s)
Creating support/modules_cmds/jdk.jdeps/jdeprscan from 1 file(s)
Creating support/modules_cmds/jdk.jdeps/jnativescan from 1 file(s)
Creating support/modules_libs/jdk.jdwp.agent/libdt_socket.so from 2 file(s)
Creating support/modules_libs/jdk.jdwp.agent/libjdwp.so from 43 file(s)
Creating support/modules_cmds/jdk.jdi/jdb from 1 file(s)
Creating support/modules_cmds/jdk.jfr/jfr from 1 file(s)
Creating support/modules_cmds/jdk.jlink/jimage from 1 file(s)
Creating support/modules_cmds/jdk.jlink/jlink from 1 file(s)
Creating support/modules_cmds/jdk.jlink/jmod from 1 file(s)
Creating jdk/modules/jdk.jpackage/jdk/jpackage/internal/resources/jpackageapplauncher from 3 file(s)
Creating jdk/modules/jdk.jpackage/jdk/jpackage/internal/resources/libjpackageapplauncheraux.so from 18 file(s)
Creating support/modules_cmds/jdk.jpackage/jpackage from 1 file(s)
Creating support/modules_cmds/jdk.jshell/jshell from 1 file(s)
Creating support/modules_cmds/jdk.jstatd/jstatd from 1 file(s)
Creating support/modules_libs/jdk.net/libextnet.so from 1 file(s)
Creating support/modules_libs/jdk.sctp/libsctp.so from 2 file(s)
Creating support/modules_libs/jdk.security.auth/libjaas.so from 1 file(s)
Compiling up to 4 files for COMPILE_CREATE_SYMBOLS
Creating ct.sym classes
Compiling up to 4 files for BUILD_JIGSAW_TOOLS
Optimizing the exploded image
Stopping javac server
Finished building target 'default (exploded-image)' in configuration 'linux-x86_64-server-release'
Using exact match for CONF=linux-x86_64-server-release (other matches are possible)
Building target 'docs' in configuration 'linux-x86_64-server-release'
Generating JDK_API javadoc for 58 modules
Finished building target 'docs' in configuration 'linux-x86_64-server-release'
